INFO:     Will watch for changes in these directories: ['/home/dimitris/Desktop/test3/HACKATHON-DIEM-2025/backend']
INFO:     Uvicorn running on http://0.0.0.0:8000 (Press CTRL+C to quit)
INFO:     Started reloader process [10936] using WatchFiles
INFO:     Started server process [10940]
INFO:     Waiting for application startup.
[MeterSimulator] Started with interval=10s.
INFO:     Application startup complete.
INFO:     127.0.0.1:34824 - "GET /users HTTP/1.1" 200 OK
INFO:     127.0.0.1:34828 - "GET /users HTTP/1.1" 200 OK
INFO:     127.0.0.1:34828 - "GET /provider/series?hours=12 HTTP/1.1" 200 OK
INFO:     127.0.0.1:34828 - "GET /status/extended?user_id=3 HTTP/1.1" 422 Unprocessable Entity
INFO:     127.0.0.1:34838 - "GET /offers HTTP/1.1" 200 OK
INFO:     127.0.0.1:34852 - "GET /trades?user_id=3 HTTP/1.1" 200 OK
INFO:     127.0.0.1:34856 - "GET /status/3 HTTP/1.1" 200 OK
INFO:     127.0.0.1:34856 - "GET /status/3 HTTP/1.1" 200 OK
INFO:     127.0.0.1:34852 - "GET /meter/series?user_id=3&hours=12 HTTP/1.1" 200 OK
INFO:     127.0.0.1:34856 - "GET /offers HTTP/1.1" 200 OK
INFO:     127.0.0.1:34856 - "GET /status/3 HTTP/1.1" 200 OK
INFO:     127.0.0.1:34852 - "GET /status/extended?user_id=3 HTTP/1.1" 422 Unprocessable Entity
INFO:     127.0.0.1:34856 - "GET /status/3 HTTP/1.1" 200 OK
INFO:     127.0.0.1:34838 - "GET /offers HTTP/1.1" 200 OK
INFO:     127.0.0.1:34828 - "GET /trades?user_id=3 HTTP/1.1" 200 OK
INFO:     127.0.0.1:34856 - "GET /status/3 HTTP/1.1" 200 OK
INFO:     127.0.0.1:34856 - "GET /status/3 HTTP/1.1" 200 OK
INFO:     127.0.0.1:34856 - "GET /meter/last?user_id=3 HTTP/1.1" 200 OK
INFO:     127.0.0.1:34856 - "GET /offers HTTP/1.1" 200 OK
INFO:     127.0.0.1:34856 - "GET /offers HTTP/1.1" 200 OK
INFO:     127.0.0.1:40252 - "OPTIONS /accept HTTP/1.1" 200 OK
INFO:     127.0.0.1:40256 - "POST /accept HTTP/1.1" 500 Internal Server Error
ERROR:    Exception in ASGI application
Traceback (most recent call last):
  File "/home/dimitris/Desktop/Hackathon2025/backend/.venv/lib/python3.12/site-packages/uvicorn/protocols/http/httptools_impl.py", line 401, in run_asgi
    result = await app(  # type: ignore[func-returns-value]
             ^^^^^^^^^^^^^^^^^^^^^^^^^^^^^^^^^^^^^^^^^^^^^^
  File "/home/dimitris/Desktop/Hackathon2025/backend/.venv/lib/python3.12/site-packages/uvicorn/middleware/proxy_headers.py", line 70, in __call__
    return await self.app(scope, receive, send)
           ^^^^^^^^^^^^^^^^^^^^^^^^^^^^^^^^^^^^
  File "/home/dimitris/Desktop/Hackathon2025/backend/.venv/lib/python3.12/site-packages/fastapi/applications.py", line 1054, in __call__
    await super().__call__(scope, receive, send)
  File "/home/dimitris/Desktop/Hackathon2025/backend/.venv/lib/python3.12/site-packages/starlette/applications.py", line 113, in __call__
    await self.middleware_stack(scope, receive, send)
  File "/home/dimitris/Desktop/Hackathon2025/backend/.venv/lib/python3.12/site-packages/starlette/middleware/errors.py", line 187, in __call__
    raise exc
  File "/home/dimitris/Desktop/Hackathon2025/backend/.venv/lib/python3.12/site-packages/starlette/middleware/errors.py", line 165, in __call__
    await self.app(scope, receive, _send)
  File "/home/dimitris/Desktop/Hackathon2025/backend/.venv/lib/python3.12/site-packages/starlette/middleware/cors.py", line 93, in __call__
    await self.simple_response(scope, receive, send, request_headers=headers)
  File "/home/dimitris/Desktop/Hackathon2025/backend/.venv/lib/python3.12/site-packages/starlette/middleware/cors.py", line 144, in simple_response
    await self.app(scope, receive, send)
  File "/home/dimitris/Desktop/Hackathon2025/backend/.venv/lib/python3.12/site-packages/starlette/middleware/exceptions.py", line 62, in __call__
    await wrap_app_handling_exceptions(self.app, conn)(scope, receive, send)
  File "/home/dimitris/Desktop/Hackathon2025/backend/.venv/lib/python3.12/site-packages/starlette/_exception_handler.py", line 62, in wrapped_app
    raise exc
  File "/home/dimitris/Desktop/Hackathon2025/backend/.venv/lib/python3.12/site-packages/starlette/_exception_handler.py", line 51, in wrapped_app
    await app(scope, receive, sender)
  File "/home/dimitris/Desktop/Hackathon2025/backend/.venv/lib/python3.12/site-packages/starlette/routing.py", line 715, in __call__
    await self.middleware_stack(scope, receive, send)
  File "/home/dimitris/Desktop/Hackathon2025/backend/.venv/lib/python3.12/site-packages/starlette/routing.py", line 735, in app
    await route.handle(scope, receive, send)
  File "/home/dimitris/Desktop/Hackathon2025/backend/.venv/lib/python3.12/site-packages/starlette/routing.py", line 288, in handle
    await self.app(scope, receive, send)
  File "/home/dimitris/Desktop/Hackathon2025/backend/.venv/lib/python3.12/site-packages/starlette/routing.py", line 76, in app
    await wrap_app_handling_exceptions(app, request)(scope, receive, send)
  File "/home/dimitris/Desktop/Hackathon2025/backend/.venv/lib/python3.12/site-packages/starlette/_exception_handler.py", line 62, in wrapped_app
    raise exc
  File "/home/dimitris/Desktop/Hackathon2025/backend/.venv/lib/python3.12/site-packages/starlette/_exception_handler.py", line 51, in wrapped_app
    await app(scope, receive, sender)
  File "/home/dimitris/Desktop/Hackathon2025/backend/.venv/lib/python3.12/site-packages/starlette/routing.py", line 73, in app
    response = await f(request)
               ^^^^^^^^^^^^^^^^
  File "/home/dimitris/Desktop/Hackathon2025/backend/.venv/lib/python3.12/site-packages/fastapi/routing.py", line 301, in app
    raw_response = await run_endpoint_function(
                   ^^^^^^^^^^^^^^^^^^^^^^^^^^^^
  File "/home/dimitris/Desktop/Hackathon2025/backend/.venv/lib/python3.12/site-packages/fastapi/routing.py", line 214, in run_endpoint_function
    return await run_in_threadpool(dependant.call, **values)
           ^^^^^^^^^^^^^^^^^^^^^^^^^^^^^^^^^^^^^^^^^^^^^^^^^
  File "/home/dimitris/Desktop/Hackathon2025/backend/.venv/lib/python3.12/site-packages/starlette/concurrency.py", line 39, in run_in_threadpool
    return await anyio.to_thread.run_sync(func, *args)
           ^^^^^^^^^^^^^^^^^^^^^^^^^^^^^^^^^^^^^^^^^^^
  File "/home/dimitris/Desktop/Hackathon2025/backend/.venv/lib/python3.12/site-packages/anyio/to_thread.py", line 56, in run_sync
    return await get_async_backend().run_sync_in_worker_thread(
           ^^^^^^^^^^^^^^^^^^^^^^^^^^^^^^^^^^^^^^^^^^^^^^^^^^^^
  File "/home/dimitris/Desktop/Hackathon2025/backend/.venv/lib/python3.12/site-packages/anyio/_backends/_asyncio.py", line 2485, in run_sync_in_worker_thread
    return await future
           ^^^^^^^^^^^^
  File "/home/dimitris/Desktop/Hackathon2025/backend/.venv/lib/python3.12/site-packages/anyio/_backends/_asyncio.py", line 976, in run
    result = context.run(func, *args)
             ^^^^^^^^^^^^^^^^^^^^^^^^
  File "/home/dimitris/Desktop/test3/HACKATHON-DIEM-2025/backend/app/main.py", line 261, in accept
    t = services.accept_offer(
        ^^^^^^^^^^^^^^^^^^^^^^
  File "/home/dimitris/Desktop/test3/HACKATHON-DIEM-2025/backend/app/services.py", line 364, in accept_offer
    offer.status = OfferStatus.completed.value
                   ^^^^^^^^^^^^^^^^^^^^^
AttributeError: type object 'OfferStatus' has no attribute 'completed'
INFO:     127.0.0.1:40252 - "POST /accept HTTP/1.1" 500 Internal Server Error
ERROR:    Exception in ASGI application
Traceback (most recent call last):
  File "/home/dimitris/Desktop/Hackathon2025/backend/.venv/lib/python3.12/site-packages/uvicorn/protocols/http/httptools_impl.py", line 401, in run_asgi
    result = await app(  # type: ignore[func-returns-value]
             ^^^^^^^^^^^^^^^^^^^^^^^^^^^^^^^^^^^^^^^^^^^^^^
  File "/home/dimitris/Desktop/Hackathon2025/backend/.venv/lib/python3.12/site-packages/uvicorn/middleware/proxy_headers.py", line 70, in __call__
    return await self.app(scope, receive, send)
           ^^^^^^^^^^^^^^^^^^^^^^^^^^^^^^^^^^^^
  File "/home/dimitris/Desktop/Hackathon2025/backend/.venv/lib/python3.12/site-packages/fastapi/applications.py", line 1054, in __call__
    await super().__call__(scope, receive, send)
  File "/home/dimitris/Desktop/Hackathon2025/backend/.venv/lib/python3.12/site-packages/starlette/applications.py", line 113, in __call__
    await self.middleware_stack(scope, receive, send)
  File "/home/dimitris/Desktop/Hackathon2025/backend/.venv/lib/python3.12/site-packages/starlette/middleware/errors.py", line 187, in __call__
    raise exc
  File "/home/dimitris/Desktop/Hackathon2025/backend/.venv/lib/python3.12/site-packages/starlette/middleware/errors.py", line 165, in __call__
    await self.app(scope, receive, _send)
  File "/home/dimitris/Desktop/Hackathon2025/backend/.venv/lib/python3.12/site-packages/starlette/middleware/cors.py", line 93, in __call__
    await self.simple_response(scope, receive, send, request_headers=headers)
  File "/home/dimitris/Desktop/Hackathon2025/backend/.venv/lib/python3.12/site-packages/starlette/middleware/cors.py", line 144, in simple_response
    await self.app(scope, receive, send)
  File "/home/dimitris/Desktop/Hackathon2025/backend/.venv/lib/python3.12/site-packages/starlette/middleware/exceptions.py", line 62, in __call__
    await wrap_app_handling_exceptions(self.app, conn)(scope, receive, send)
  File "/home/dimitris/Desktop/Hackathon2025/backend/.venv/lib/python3.12/site-packages/starlette/_exception_handler.py", line 62, in wrapped_app
    raise exc
  File "/home/dimitris/Desktop/Hackathon2025/backend/.venv/lib/python3.12/site-packages/starlette/_exception_handler.py", line 51, in wrapped_app
    await app(scope, receive, sender)
  File "/home/dimitris/Desktop/Hackathon2025/backend/.venv/lib/python3.12/site-packages/starlette/routing.py", line 715, in __call__
    await self.middleware_stack(scope, receive, send)
  File "/home/dimitris/Desktop/Hackathon2025/backend/.venv/lib/python3.12/site-packages/starlette/routing.py", line 735, in app
    await route.handle(scope, receive, send)
  File "/home/dimitris/Desktop/Hackathon2025/backend/.venv/lib/python3.12/site-packages/starlette/routing.py", line 288, in handle
    await self.app(scope, receive, send)
  File "/home/dimitris/Desktop/Hackathon2025/backend/.venv/lib/python3.12/site-packages/starlette/routing.py", line 76, in app
    await wrap_app_handling_exceptions(app, request)(scope, receive, send)
  File "/home/dimitris/Desktop/Hackathon2025/backend/.venv/lib/python3.12/site-packages/starlette/_exception_handler.py", line 62, in wrapped_app
    raise exc
  File "/home/dimitris/Desktop/Hackathon2025/backend/.venv/lib/python3.12/site-packages/starlette/_exception_handler.py", line 51, in wrapped_app
    await app(scope, receive, sender)
  File "/home/dimitris/Desktop/Hackathon2025/backend/.venv/lib/python3.12/site-packages/starlette/routing.py", line 73, in app
    response = await f(request)
               ^^^^^^^^^^^^^^^^
  File "/home/dimitris/Desktop/Hackathon2025/backend/.venv/lib/python3.12/site-packages/fastapi/routing.py", line 301, in app
    raw_response = await run_endpoint_function(
                   ^^^^^^^^^^^^^^^^^^^^^^^^^^^^
  File "/home/dimitris/Desktop/Hackathon2025/backend/.venv/lib/python3.12/site-packages/fastapi/routing.py", line 214, in run_endpoint_function
    return await run_in_threadpool(dependant.call, **values)
           ^^^^^^^^^^^^^^^^^^^^^^^^^^^^^^^^^^^^^^^^^^^^^^^^^
  File "/home/dimitris/Desktop/Hackathon2025/backend/.venv/lib/python3.12/site-packages/starlette/concurrency.py", line 39, in run_in_threadpool
    return await anyio.to_thread.run_sync(func, *args)
           ^^^^^^^^^^^^^^^^^^^^^^^^^^^^^^^^^^^^^^^^^^^
  File "/home/dimitris/Desktop/Hackathon2025/backend/.venv/lib/python3.12/site-packages/anyio/to_thread.py", line 56, in run_sync
    return await get_async_backend().run_sync_in_worker_thread(
           ^^^^^^^^^^^^^^^^^^^^^^^^^^^^^^^^^^^^^^^^^^^^^^^^^^^^
  File "/home/dimitris/Desktop/Hackathon2025/backend/.venv/lib/python3.12/site-packages/anyio/_backends/_asyncio.py", line 2485, in run_sync_in_worker_thread
    return await future
           ^^^^^^^^^^^^
  File "/home/dimitris/Desktop/Hackathon2025/backend/.venv/lib/python3.12/site-packages/anyio/_backends/_asyncio.py", line 976, in run
    result = context.run(func, *args)
             ^^^^^^^^^^^^^^^^^^^^^^^^
  File "/home/dimitris/Desktop/test3/HACKATHON-DIEM-2025/backend/app/main.py", line 261, in accept
    t = services.accept_offer(
        ^^^^^^^^^^^^^^^^^^^^^^
  File "/home/dimitris/Desktop/test3/HACKATHON-DIEM-2025/backend/app/services.py", line 364, in accept_offer
    offer.status = OfferStatus.completed.value
                   ^^^^^^^^^^^^^^^^^^^^^
AttributeError: type object 'OfferStatus' has no attribute 'completed'
INFO:     127.0.0.1:37376 - "POST /accept HTTP/1.1" 500 Internal Server Error
ERROR:    Exception in ASGI application
Traceback (most recent call last):
  File "/home/dimitris/Desktop/Hackathon2025/backend/.venv/lib/python3.12/site-packages/uvicorn/protocols/http/httptools_impl.py", line 401, in run_asgi
    result = await app(  # type: ignore[func-returns-value]
             ^^^^^^^^^^^^^^^^^^^^^^^^^^^^^^^^^^^^^^^^^^^^^^
  File "/home/dimitris/Desktop/Hackathon2025/backend/.venv/lib/python3.12/site-packages/uvicorn/middleware/proxy_headers.py", line 70, in __call__
    return await self.app(scope, receive, send)
           ^^^^^^^^^^^^^^^^^^^^^^^^^^^^^^^^^^^^
  File "/home/dimitris/Desktop/Hackathon2025/backend/.venv/lib/python3.12/site-packages/fastapi/applications.py", line 1054, in __call__
    await super().__call__(scope, receive, send)
  File "/home/dimitris/Desktop/Hackathon2025/backend/.venv/lib/python3.12/site-packages/starlette/applications.py", line 113, in __call__
    await self.middleware_stack(scope, receive, send)
  File "/home/dimitris/Desktop/Hackathon2025/backend/.venv/lib/python3.12/site-packages/starlette/middleware/errors.py", line 187, in __call__
    raise exc
  File "/home/dimitris/Desktop/Hackathon2025/backend/.venv/lib/python3.12/site-packages/starlette/middleware/errors.py", line 165, in __call__
    await self.app(scope, receive, _send)
  File "/home/dimitris/Desktop/Hackathon2025/backend/.venv/lib/python3.12/site-packages/starlette/middleware/cors.py", line 93, in __call__
    await self.simple_response(scope, receive, send, request_headers=headers)
  File "/home/dimitris/Desktop/Hackathon2025/backend/.venv/lib/python3.12/site-packages/starlette/middleware/cors.py", line 144, in simple_response
    await self.app(scope, receive, send)
  File "/home/dimitris/Desktop/Hackathon2025/backend/.venv/lib/python3.12/site-packages/starlette/middleware/exceptions.py", line 62, in __call__
    await wrap_app_handling_exceptions(self.app, conn)(scope, receive, send)
  File "/home/dimitris/Desktop/Hackathon2025/backend/.venv/lib/python3.12/site-packages/starlette/_exception_handler.py", line 62, in wrapped_app
    raise exc
  File "/home/dimitris/Desktop/Hackathon2025/backend/.venv/lib/python3.12/site-packages/starlette/_exception_handler.py", line 51, in wrapped_app
    await app(scope, receive, sender)
  File "/home/dimitris/Desktop/Hackathon2025/backend/.venv/lib/python3.12/site-packages/starlette/routing.py", line 715, in __call__
    await self.middleware_stack(scope, receive, send)
  File "/home/dimitris/Desktop/Hackathon2025/backend/.venv/lib/python3.12/site-packages/starlette/routing.py", line 735, in app
    await route.handle(scope, receive, send)
  File "/home/dimitris/Desktop/Hackathon2025/backend/.venv/lib/python3.12/site-packages/starlette/routing.py", line 288, in handle
    await self.app(scope, receive, send)
  File "/home/dimitris/Desktop/Hackathon2025/backend/.venv/lib/python3.12/site-packages/starlette/routing.py", line 76, in app
    await wrap_app_handling_exceptions(app, request)(scope, receive, send)
  File "/home/dimitris/Desktop/Hackathon2025/backend/.venv/lib/python3.12/site-packages/starlette/_exception_handler.py", line 62, in wrapped_app
    raise exc
  File "/home/dimitris/Desktop/Hackathon2025/backend/.venv/lib/python3.12/site-packages/starlette/_exception_handler.py", line 51, in wrapped_app
    await app(scope, receive, sender)
  File "/home/dimitris/Desktop/Hackathon2025/backend/.venv/lib/python3.12/site-packages/starlette/routing.py", line 73, in app
    response = await f(request)
               ^^^^^^^^^^^^^^^^
  File "/home/dimitris/Desktop/Hackathon2025/backend/.venv/lib/python3.12/site-packages/fastapi/routing.py", line 301, in app
    raw_response = await run_endpoint_function(
                   ^^^^^^^^^^^^^^^^^^^^^^^^^^^^
  File "/home/dimitris/Desktop/Hackathon2025/backend/.venv/lib/python3.12/site-packages/fastapi/routing.py", line 214, in run_endpoint_function
    return await run_in_threadpool(dependant.call, **values)
           ^^^^^^^^^^^^^^^^^^^^^^^^^^^^^^^^^^^^^^^^^^^^^^^^^
  File "/home/dimitris/Desktop/Hackathon2025/backend/.venv/lib/python3.12/site-packages/starlette/concurrency.py", line 39, in run_in_threadpool
    return await anyio.to_thread.run_sync(func, *args)
           ^^^^^^^^^^^^^^^^^^^^^^^^^^^^^^^^^^^^^^^^^^^
  File "/home/dimitris/Desktop/Hackathon2025/backend/.venv/lib/python3.12/site-packages/anyio/to_thread.py", line 56, in run_sync
    return await get_async_backend().run_sync_in_worker_thread(
           ^^^^^^^^^^^^^^^^^^^^^^^^^^^^^^^^^^^^^^^^^^^^^^^^^^^^
  File "/home/dimitris/Desktop/Hackathon2025/backend/.venv/lib/python3.12/site-packages/anyio/_backends/_asyncio.py", line 2485, in run_sync_in_worker_thread
    return await future
           ^^^^^^^^^^^^
  File "/home/dimitris/Desktop/Hackathon2025/backend/.venv/lib/python3.12/site-packages/anyio/_backends/_asyncio.py", line 976, in run
    result = context.run(func, *args)
             ^^^^^^^^^^^^^^^^^^^^^^^^
  File "/home/dimitris/Desktop/test3/HACKATHON-DIEM-2025/backend/app/main.py", line 261, in accept
    t = services.accept_offer(
        ^^^^^^^^^^^^^^^^^^^^^^
  File "/home/dimitris/Desktop/test3/HACKATHON-DIEM-2025/backend/app/services.py", line 364, in accept_offer
    offer.status = OfferStatus.completed.value
                   ^^^^^^^^^^^^^^^^^^^^^
AttributeError: type object 'OfferStatus' has no attribute 'completed'
INFO:     127.0.0.1:37392 - "GET /status/extended?user_id=3 HTTP/1.1" 422 Unprocessable Entity
INFO:     127.0.0.1:37412 - "GET /trades?user_id=3 HTTP/1.1" 200 OK
INFO:     127.0.0.1:37400 - "GET /offers HTTP/1.1" 200 OK
INFO:     127.0.0.1:37422 - "GET /status/3 HTTP/1.1" 200 OK
INFO:     127.0.0.1:37422 - "GET /status/3 HTTP/1.1" 200 OK
INFO:     127.0.0.1:37422 - "GET /offers HTTP/1.1" 200 OK
INFO:     127.0.0.1:37422 - "GET /status/3 HTTP/1.1" 200 OK
INFO:     127.0.0.1:37422 - "GET /meter/last?user_id=3 HTTP/1.1" 200 OK
INFO:     127.0.0.1:53606 - "GET /offers HTTP/1.1" 200 OK
INFO:     127.0.0.1:53616 - "GET /status/extended?user_id=3 HTTP/1.1" 422 Unprocessable Entity
INFO:     127.0.0.1:53616 - "GET /status/extended?user_id=3 HTTP/1.1" 422 Unprocessable Entity
INFO:     127.0.0.1:53640 - "GET /trades?user_id=3 HTTP/1.1" 200 OK
INFO:     127.0.0.1:53630 - "GET /offers HTTP/1.1" 200 OK
INFO:     127.0.0.1:53642 - "GET /status/3 HTTP/1.1" 200 OK
INFO:     127.0.0.1:53640 - "GET /offers HTTP/1.1" 200 OK
INFO:     127.0.0.1:53630 - "GET /trades?user_id=3 HTTP/1.1" 200 OK
INFO:     127.0.0.1:53642 - "GET /status/3 HTTP/1.1" 200 OK
INFO:     127.0.0.1:53640 - "GET /offers HTTP/1.1" 200 OK
INFO:     127.0.0.1:53642 - "GET /status/3 HTTP/1.1" 200 OK
INFO:     127.0.0.1:53640 - "GET /offers HTTP/1.1" 200 OK
INFO:     127.0.0.1:53642 - "GET /status/3 HTTP/1.1" 200 OK
INFO:     127.0.0.1:53642 - "GET /offers HTTP/1.1" 200 OK
INFO:     127.0.0.1:53640 - "GET /status/3 HTTP/1.1" 200 OK
INFO:     127.0.0.1:53640 - "GET /status/3 HTTP/1.1" 200 OK
INFO:     127.0.0.1:53640 - "GET /meter/last?user_id=3 HTTP/1.1" 200 OK
INFO:     127.0.0.1:53640 - "GET /meter/last?user_id=3 HTTP/1.1" 200 OK
INFO:     127.0.0.1:53640 - "GET /status/extended?user_id=3 HTTP/1.1" 422 Unprocessable Entity
INFO:     127.0.0.1:53630 - "GET /trades?user_id=3 HTTP/1.1" 200 OK
INFO:     127.0.0.1:53642 - "GET /offers HTTP/1.1" 200 OK
INFO:     127.0.0.1:53616 - "GET /status/3 HTTP/1.1" 200 OK
INFO:     127.0.0.1:53616 - "GET /status/3 HTTP/1.1" 200 OK
INFO:     127.0.0.1:53616 - "GET /offers HTTP/1.1" 200 OK
INFO:     127.0.0.1:53616 - "GET /status/3 HTTP/1.1" 200 OK
INFO:     127.0.0.1:53616 - "GET /meter/last?user_id=3 HTTP/1.1" 200 OK
INFO:     127.0.0.1:50992 - "GET /status/extended?user_id=3 HTTP/1.1" 422 Unprocessable Entity
INFO:     127.0.0.1:51006 - "GET /offers HTTP/1.1" 200 OK
INFO:     127.0.0.1:51008 - "GET /trades?user_id=3 HTTP/1.1" 200 OK
INFO:     127.0.0.1:51022 - "GET /status/3 HTTP/1.1" 200 OK
INFO:     127.0.0.1:51022 - "GET /status/3 HTTP/1.1" 200 OK
INFO:     127.0.0.1:51022 - "GET /offers HTTP/1.1" 200 OK
INFO:     127.0.0.1:51022 - "GET /status/3 HTTP/1.1" 200 OK
INFO:     127.0.0.1:51022 - "GET /meter/last?user_id=3 HTTP/1.1" 200 OK
INFO:     127.0.0.1:50424 - "GET /status/extended?user_id=3 HTTP/1.1" 422 Unprocessable Entity
INFO:     127.0.0.1:50432 - "GET /offers HTTP/1.1" 200 OK
INFO:     127.0.0.1:50446 - "GET /trades?user_id=3 HTTP/1.1" 200 OK
INFO:     127.0.0.1:50452 - "GET /status/3 HTTP/1.1" 200 OK
INFO:     127.0.0.1:50452 - "GET /status/3 HTTP/1.1" 200 OK
INFO:     127.0.0.1:50452 - "GET /offers HTTP/1.1" 200 OK
INFO:     127.0.0.1:50452 - "GET /status/3 HTTP/1.1" 200 OK
INFO:     127.0.0.1:50452 - "GET /meter/last?user_id=3 HTTP/1.1" 200 OK
INFO:     Shutting down
INFO:     Waiting for application shutdown.
[MeterSimulator] Stopped.
INFO:     Application shutdown complete.
INFO:     Finished server process [10940]
INFO:     Stopping reloader process [10936]
